<?xml version="1.0" encoding="UTF-8"?>
<!-- Generated by org.testng.reporters.JUnitReportReporter -->
<testsuite skipped="0" hostname="MSDT009" name="Test.VerifyHomeware" tests="2" failures="0" timestamp="2022-05-23T17:23:19 IST" time="11.037" errors="0">
  <testcase name="clothing" time="2.878" classname="Test.VerifyHomeware"/>
  <system-out/>
  <testcase name="LoginThroughExcelData" time="8.159" classname="Test.VerifyHomeware"/>
  <system-out/>
</testsuite> <!-- Test.VerifyHomeware -->
