<?xml version="1.0" encoding="UTF-8"?>
<!-- Generated by org.testng.reporters.JUnitReportReporter -->
<testsuite skipped="0" hostname="MSDT009" name="Test.VerifyStationery" tests="2" failures="0" timestamp="2022-05-23T17:23:06 IST" time="45.062" errors="0">
  <testcase name="LoginThroughExcelData" time="8.608" classname="Test.VerifyStationery"/>
  <system-out/>
  <testcase name="stationery" time="36.454" classname="Test.VerifyStationery"/>
  <system-out/>
</testsuite> <!-- Test.VerifyStationery -->
