<?xml version="1.0" encoding="UTF-8"?>
<!-- Generated by org.testng.reporters.JUnitReportReporter -->
<testsuite skipped="0" hostname="MSDT009" name="Test.VerifyClothing" tests="2" failures="0" timestamp="2022-05-23T17:22:18 IST" time="11.780" errors="0">
  <testcase name="LoginThroughExcelData" time="9.168" classname="Test.VerifyClothing"/>
  <system-out/>
  <testcase name="clothing" time="2.612" classname="Test.VerifyClothing"/>
  <system-out/>
</testsuite> <!-- Test.VerifyClothing -->
